{"C:\\Users\\91889\\OneDrive\\Desktop\\Zemoso\\React-SonarCloud\\frontend\\src\\App.tsx": {"path":"C:\\Users\\91889\\OneDrive\\Desktop\\Zemoso\\React-SonarCloud\\frontend\\src\\App.tsx","all":false,"statementMap":{"0":{"start":{"line":1,"column":0},"end":{"line":1,"column":59}},"1":{"start":{"line":2,"column":0},"end":{"line":2,"column":28}},"2":{"start":{"line":3,"column":0},"end":{"line":3,"column":42}},"4":{"start":{"line":5,"column":0},"end":{"line":5,"column":16}},"5":{"start":{"line":6,"column":0},"end":{"line":6,"column":10}},"6":{"start":{"line":7,"column":0},"end":{"line":7,"column":33}},"7":{"start":{"line":8,"column":0},"end":{"line":8,"column":21}},"8":{"start":{"line":9,"column":0},"end":{"line":9,"column":16}},"9":{"start":{"line":10,"column":0},"end":{"line":10,"column":20}},"11":{"start":{"line":12,"column":0},"end":{"line":12,"column":1}},"13":{"start":{"line":14,"column":0},"end":{"line":14,"column":19}}},"s":{"0":1,"1":1,"2":1,"4":1,"5":1,"6":1,"7":1,"8":1,"9":1,"11":1,"13":1},"branchMap":{"0":{"type":"branch","line":5,"loc":{"start":{"line":5,"column":0},"end":{"line":12,"column":1}},"locations":[{"start":{"line":5,"column":0},"end":{"line":12,"column":1}}]}},"b":{"0":[1]},"fnMap":{"0":{"name":"App","decl":{"start":{"line":5,"column":0},"end":{"line":12,"column":1}},"loc":{"start":{"line":5,"column":0},"end":{"line":12,"column":1}},"line":5}},"f":{"0":1}}
,"C:\\Users\\91889\\OneDrive\\Desktop\\Zemoso\\React-SonarCloud\\frontend\\src\\main.tsx": {"path":"C:\\Users\\91889\\OneDrive\\Desktop\\Zemoso\\React-SonarCloud\\frontend\\src\\main.tsx","all":true,"statementMap":{"0":{"start":{"line":1,"column":0},"end":{"line":1,"column":46}},"1":{"start":{"line":2,"column":0},"end":{"line":2,"column":28}},"2":{"start":{"line":3,"column":0},"end":{"line":3,"column":71}},"3":{"start":{"line":4,"column":0},"end":{"line":4,"column":46}},"4":{"start":{"line":5,"column":0},"end":{"line":5,"column":48}},"6":{"start":{"line":7,"column":0},"end":{"line":7,"column":36}},"7":{"start":{"line":8,"column":0},"end":{"line":8,"column":5}},"8":{"start":{"line":9,"column":0},"end":{"line":9,"column":18}},"9":{"start":{"line":10,"column":0},"end":{"line":10,"column":25}},"10":{"start":{"line":11,"column":0},"end":{"line":11,"column":19}},"11":{"start":{"line":12,"column":0},"end":{"line":12,"column":13}},"12":{"start":{"line":13,"column":0},"end":{"line":13,"column":26}},"13":{"start":{"line":14,"column":0},"end":{"line":14,"column":38}},"14":{"start":{"line":15,"column":0},"end":{"line":15,"column":14}},"15":{"start":{"line":16,"column":0},"end":{"line":16,"column":13}},"16":{"start":{"line":17,"column":0},"end":{"line":17,"column":32}},"17":{"start":{"line":18,"column":0},"end":{"line":18,"column":39}},"18":{"start":{"line":19,"column":0},"end":{"line":19,"column":14}},"19":{"start":{"line":20,"column":0},"end":{"line":20,"column":10}},"20":{"start":{"line":21,"column":0},"end":{"line":21,"column":37}},"21":{"start":{"line":22,"column":0},"end":{"line":22,"column":6}},"22":{"start":{"line":23,"column":0},"end":{"line":23,"column":3}},"24":{"start":{"line":25,"column":0},"end":{"line":25,"column":52}},"25":{"start":{"line":26,"column":0},"end":{"line":26,"column":38}},"26":{"start":{"line":27,"column":0},"end":{"line":27,"column":2}}},"s":{"0":0,"1":0,"2":0,"3":0,"4":0,"6":0,"7":0,"8":0,"9":0,"10":0,"11":0,"12":0,"13":0,"14":0,"15":0,"16":0,"17":0,"18":0,"19":0,"20":0,"21":0,"22":0,"24":0,"25":0,"26":0},"branchMap":{"0":{"type":"branch","line":1,"loc":{"start":{"line":1,"column":324},"end":{"line":27,"column":-452}},"locations":[{"start":{"line":1,"column":324},"end":{"line":27,"column":-452}}]}},"b":{"0":[0]},"fnMap":{"0":{"name":"(empty-report)","decl":{"start":{"line":1,"column":324},"end":{"line":27,"column":-452}},"loc":{"start":{"line":1,"column":324},"end":{"line":27,"column":-452}},"line":1}},"f":{"0":0}}
,"C:\\Users\\91889\\OneDrive\\Desktop\\Zemoso\\React-SonarCloud\\frontend\\src\\components\\atoms\\Button\\LogInButton.stories.tsx": {"path":"C:\\Users\\91889\\OneDrive\\Desktop\\Zemoso\\React-SonarCloud\\frontend\\src\\components\\atoms\\Button\\LogInButton.stories.tsx","all":true,"statementMap":{"1":{"start":{"line":2,"column":0},"end":{"line":2,"column":40}},"3":{"start":{"line":4,"column":0},"end":{"line":4,"column":40}},"4":{"start":{"line":5,"column":0},"end":{"line":5,"column":36}},"5":{"start":{"line":6,"column":0},"end":{"line":6,"column":25}},"6":{"start":{"line":7,"column":0},"end":{"line":7,"column":2}},"7":{"start":{"line":8,"column":0},"end":{"line":8,"column":20}},"11":{"start":{"line":12,"column":0},"end":{"line":12,"column":31}},"12":{"start":{"line":13,"column":0},"end":{"line":13,"column":9}},"13":{"start":{"line":14,"column":0},"end":{"line":14,"column":22}},"14":{"start":{"line":15,"column":0},"end":{"line":15,"column":21}},"15":{"start":{"line":16,"column":0},"end":{"line":16,"column":37}},"16":{"start":{"line":17,"column":0},"end":{"line":17,"column":4}},"17":{"start":{"line":18,"column":0},"end":{"line":18,"column":2}},"19":{"start":{"line":20,"column":0},"end":{"line":20,"column":33}},"20":{"start":{"line":21,"column":0},"end":{"line":21,"column":9}},"21":{"start":{"line":22,"column":0},"end":{"line":22,"column":19}},"22":{"start":{"line":23,"column":0},"end":{"line":23,"column":23}},"23":{"start":{"line":24,"column":0},"end":{"line":24,"column":37}},"24":{"start":{"line":25,"column":0},"end":{"line":25,"column":4}},"25":{"start":{"line":26,"column":0},"end":{"line":26,"column":2}}},"s":{"1":0,"3":0,"4":0,"5":0,"6":0,"7":0,"11":0,"12":0,"13":0,"14":0,"15":0,"16":0,"17":0,"19":0,"20":0,"21":0,"22":0,"23":0,"24":0,"25":0},"branchMap":{"0":{"type":"branch","line":1,"loc":{"start":{"line":1,"column":568},"end":{"line":26,"column":2}},"locations":[{"start":{"line":1,"column":568},"end":{"line":26,"column":2}}]}},"b":{"0":[1]},"fnMap":{"0":{"name":"(empty-report)","decl":{"start":{"line":1,"column":568},"end":{"line":26,"column":2}},"loc":{"start":{"line":1,"column":568},"end":{"line":26,"column":2}},"line":1}},"f":{"0":1}}
,"C:\\Users\\91889\\OneDrive\\Desktop\\Zemoso\\React-SonarCloud\\frontend\\src\\components\\atoms\\Button\\LogInButton.tsx": {"path":"C:\\Users\\91889\\OneDrive\\Desktop\\Zemoso\\React-SonarCloud\\frontend\\src\\components\\atoms\\Button\\LogInButton.tsx","all":false,"statementMap":{"0":{"start":{"line":1,"column":0},"end":{"line":1,"column":47}},"1":{"start":{"line":2,"column":0},"end":{"line":2,"column":26}},"2":{"start":{"line":3,"column":0},"end":{"line":3,"column":55}},"3":{"start":{"line":4,"column":0},"end":{"line":4,"column":35}},"12":{"start":{"line":13,"column":0},"end":{"line":13,"column":44}},"13":{"start":{"line":14,"column":0},"end":{"line":14,"column":29}},"14":{"start":{"line":15,"column":0},"end":{"line":15,"column":42}},"15":{"start":{"line":16,"column":0},"end":{"line":16,"column":36}},"16":{"start":{"line":17,"column":0},"end":{"line":17,"column":34}},"17":{"start":{"line":18,"column":0},"end":{"line":18,"column":21}},"18":{"start":{"line":19,"column":0},"end":{"line":19,"column":50}},"19":{"start":{"line":20,"column":0},"end":{"line":20,"column":40}},"20":{"start":{"line":21,"column":0},"end":{"line":21,"column":4}},"21":{"start":{"line":22,"column":0},"end":{"line":22,"column":4}},"23":{"start":{"line":24,"column":0},"end":{"line":24,"column":115}},"24":{"start":{"line":25,"column":0},"end":{"line":25,"column":10}},"25":{"start":{"line":26,"column":0},"end":{"line":26,"column":17}},"26":{"start":{"line":27,"column":0},"end":{"line":27,"column":25}},"27":{"start":{"line":28,"column":0},"end":{"line":28,"column":19}},"28":{"start":{"line":29,"column":0},"end":{"line":29,"column":15}},"29":{"start":{"line":30,"column":0},"end":{"line":30,"column":23}},"30":{"start":{"line":31,"column":0},"end":{"line":31,"column":25}},"32":{"start":{"line":33,"column":0},"end":{"line":33,"column":13}},"33":{"start":{"line":34,"column":0},"end":{"line":34,"column":19}},"35":{"start":{"line":36,"column":0},"end":{"line":36,"column":2}},"37":{"start":{"line":38,"column":0},"end":{"line":38,"column":27}}},"s":{"0":1,"1":1,"2":1,"3":1,"12":1,"13":43,"14":43,"15":43,"16":43,"17":43,"18":43,"19":43,"20":43,"21":1,"23":1,"24":43,"25":43,"26":43,"27":43,"28":43,"29":43,"30":43,"32":43,"33":43,"35":43,"37":1},"branchMap":{"0":{"type":"branch","line":13,"loc":{"start":{"line":13,"column":36},"end":{"line":22,"column":2}},"locations":[{"start":{"line":13,"column":36},"end":{"line":22,"column":2}}]},"1":{"type":"branch","line":24,"loc":{"start":{"line":24,"column":48},"end":{"line":36,"column":2}},"locations":[{"start":{"line":24,"column":48},"end":{"line":36,"column":2}}]}},"b":{"0":[43],"1":[43]},"fnMap":{"0":{"name":"LogInButton","decl":{"start":{"line":24,"column":48},"end":{"line":36,"column":2}},"loc":{"start":{"line":24,"column":48},"end":{"line":36,"column":2}},"line":24}},"f":{"0":43}}
,"C:\\Users\\91889\\OneDrive\\Desktop\\Zemoso\\React-SonarCloud\\frontend\\src\\components\\atoms\\Input\\Input.stories.tsx": {"path":"C:\\Users\\91889\\OneDrive\\Desktop\\Zemoso\\React-SonarCloud\\frontend\\src\\components\\atoms\\Input\\Input.stories.tsx","all":true,"statementMap":{"1":{"start":{"line":2,"column":0},"end":{"line":2,"column":28}},"3":{"start":{"line":4,"column":0},"end":{"line":4,"column":34}},"4":{"start":{"line":5,"column":0},"end":{"line":5,"column":23}},"5":{"start":{"line":6,"column":0},"end":{"line":6,"column":19}},"6":{"start":{"line":7,"column":0},"end":{"line":7,"column":2}},"7":{"start":{"line":8,"column":0},"end":{"line":8,"column":20}},"11":{"start":{"line":12,"column":0},"end":{"line":12,"column":29}},"12":{"start":{"line":13,"column":0},"end":{"line":13,"column":9}},"13":{"start":{"line":14,"column":0},"end":{"line":14,"column":18}},"14":{"start":{"line":15,"column":0},"end":{"line":15,"column":31}},"15":{"start":{"line":16,"column":0},"end":{"line":16,"column":14}},"16":{"start":{"line":17,"column":0},"end":{"line":17,"column":48}},"17":{"start":{"line":18,"column":0},"end":{"line":18,"column":4}},"18":{"start":{"line":19,"column":0},"end":{"line":19,"column":2}},"19":{"start":{"line":20,"column":0},"end":{"line":20,"column":32}},"20":{"start":{"line":21,"column":0},"end":{"line":21,"column":9}},"21":{"start":{"line":22,"column":0},"end":{"line":22,"column":21}},"22":{"start":{"line":23,"column":0},"end":{"line":23,"column":34}},"23":{"start":{"line":24,"column":0},"end":{"line":24,"column":14}},"24":{"start":{"line":25,"column":0},"end":{"line":25,"column":48}},"25":{"start":{"line":26,"column":0},"end":{"line":26,"column":4}},"26":{"start":{"line":27,"column":0},"end":{"line":27,"column":2}}},"s":{"1":0,"3":0,"4":0,"5":0,"6":0,"7":0,"11":0,"12":0,"13":0,"14":0,"15":0,"16":0,"17":0,"18":0,"19":0,"20":0,"21":0,"22":0,"23":0,"24":0,"25":0,"26":0},"branchMap":{"0":{"type":"branch","line":1,"loc":{"start":{"line":1,"column":593},"end":{"line":27,"column":2}},"locations":[{"start":{"line":1,"column":593},"end":{"line":27,"column":2}}]}},"b":{"0":[1]},"fnMap":{"0":{"name":"(empty-report)","decl":{"start":{"line":1,"column":593},"end":{"line":27,"column":2}},"loc":{"start":{"line":1,"column":593},"end":{"line":27,"column":2}},"line":1}},"f":{"0":1}}
,"C:\\Users\\91889\\OneDrive\\Desktop\\Zemoso\\React-SonarCloud\\frontend\\src\\components\\atoms\\Input\\Input.tsx": {"path":"C:\\Users\\91889\\OneDrive\\Desktop\\Zemoso\\React-SonarCloud\\frontend\\src\\components\\atoms\\Input\\Input.tsx","all":false,"statementMap":{"0":{"start":{"line":1,"column":0},"end":{"line":1,"column":50}},"1":{"start":{"line":2,"column":0},"end":{"line":2,"column":26}},"2":{"start":{"line":3,"column":0},"end":{"line":3,"column":54}},"11":{"start":{"line":12,"column":0},"end":{"line":12,"column":46}},"12":{"start":{"line":13,"column":0},"end":{"line":13,"column":31}},"13":{"start":{"line":14,"column":0},"end":{"line":14,"column":43}},"14":{"start":{"line":15,"column":0},"end":{"line":15,"column":49}},"15":{"start":{"line":16,"column":0},"end":{"line":16,"column":28}},"16":{"start":{"line":17,"column":0},"end":{"line":17,"column":4}},"17":{"start":{"line":18,"column":0},"end":{"line":18,"column":28}},"18":{"start":{"line":19,"column":0},"end":{"line":19,"column":32}},"19":{"start":{"line":20,"column":0},"end":{"line":20,"column":35}},"20":{"start":{"line":21,"column":0},"end":{"line":21,"column":3}},"21":{"start":{"line":22,"column":0},"end":{"line":22,"column":4}},"23":{"start":{"line":24,"column":0},"end":{"line":24,"column":95}},"24":{"start":{"line":25,"column":0},"end":{"line":25,"column":10}},"25":{"start":{"line":26,"column":0},"end":{"line":26,"column":16}},"26":{"start":{"line":27,"column":0},"end":{"line":27,"column":17}},"27":{"start":{"line":28,"column":0},"end":{"line":28,"column":19}},"28":{"start":{"line":29,"column":0},"end":{"line":29,"column":31}},"29":{"start":{"line":30,"column":0},"end":{"line":30,"column":48}},"30":{"start":{"line":31,"column":0},"end":{"line":31,"column":15}},"31":{"start":{"line":32,"column":0},"end":{"line":32,"column":6}},"33":{"start":{"line":34,"column":0},"end":{"line":34,"column":2}},"35":{"start":{"line":36,"column":0},"end":{"line":36,"column":21}}},"s":{"0":1,"1":1,"2":1,"11":1,"12":98,"13":98,"14":98,"15":98,"16":98,"17":98,"18":98,"19":98,"20":98,"21":1,"23":1,"24":98,"25":98,"26":98,"27":98,"28":98,"29":98,"30":98,"31":98,"33":98,"35":1},"branchMap":{"0":{"type":"branch","line":12,"loc":{"start":{"line":12,"column":38},"end":{"line":22,"column":2}},"locations":[{"start":{"line":12,"column":38},"end":{"line":22,"column":2}}]},"1":{"type":"branch","line":24,"loc":{"start":{"line":24,"column":36},"end":{"line":34,"column":2}},"locations":[{"start":{"line":24,"column":36},"end":{"line":34,"column":2}}]},"2":{"type":"branch","line":30,"loc":{"start":{"line":30,"column":16},"end":{"line":30,"column":48}},"locations":[{"start":{"line":30,"column":16},"end":{"line":30,"column":48}}]}},"b":{"0":[98],"1":[98],"2":[18]},"fnMap":{"0":{"name":"Input","decl":{"start":{"line":24,"column":36},"end":{"line":34,"column":2}},"loc":{"start":{"line":24,"column":36},"end":{"line":34,"column":2}},"line":24},"1":{"name":"onChange","decl":{"start":{"line":30,"column":16},"end":{"line":30,"column":48}},"loc":{"start":{"line":30,"column":16},"end":{"line":30,"column":48}},"line":30}},"f":{"0":98,"1":18}}
,"C:\\Users\\91889\\OneDrive\\Desktop\\Zemoso\\React-SonarCloud\\frontend\\src\\components\\atoms\\Logo\\Logo.tsx": {"path":"C:\\Users\\91889\\OneDrive\\Desktop\\Zemoso\\React-SonarCloud\\frontend\\src\\components\\atoms\\Logo\\Logo.tsx","all":false,"statementMap":{"0":{"start":{"line":1,"column":0},"end":{"line":1,"column":56}},"1":{"start":{"line":2,"column":0},"end":{"line":2,"column":44}},"2":{"start":{"line":3,"column":0},"end":{"line":3,"column":35}},"4":{"start":{"line":5,"column":0},"end":{"line":5,"column":42}},"5":{"start":{"line":6,"column":0},"end":{"line":6,"column":14}},"6":{"start":{"line":7,"column":0},"end":{"line":7,"column":14}},"7":{"start":{"line":8,"column":0},"end":{"line":8,"column":3}},"9":{"start":{"line":10,"column":0},"end":{"line":10,"column":30}},"10":{"start":{"line":11,"column":0},"end":{"line":11,"column":10}},"11":{"start":{"line":12,"column":0},"end":{"line":12,"column":52}},"12":{"start":{"line":13,"column":0},"end":{"line":13,"column":49}},"13":{"start":{"line":14,"column":0},"end":{"line":14,"column":83}},"15":{"start":{"line":16,"column":0},"end":{"line":16,"column":19}},"16":{"start":{"line":17,"column":0},"end":{"line":17,"column":10}},"18":{"start":{"line":19,"column":0},"end":{"line":19,"column":2}},"20":{"start":{"line":21,"column":0},"end":{"line":21,"column":20}}},"s":{"0":1,"1":1,"2":1,"4":1,"5":3,"6":3,"7":1,"9":1,"10":3,"11":3,"12":3,"13":3,"15":3,"16":3,"18":3,"20":1},"branchMap":{"0":{"type":"branch","line":5,"loc":{"start":{"line":5,"column":34},"end":{"line":8,"column":2}},"locations":[{"start":{"line":5,"column":34},"end":{"line":8,"column":2}}]},"1":{"type":"branch","line":10,"loc":{"start":{"line":10,"column":23},"end":{"line":19,"column":2}},"locations":[{"start":{"line":10,"column":23},"end":{"line":19,"column":2}}]}},"b":{"0":[3],"1":[3]},"fnMap":{"0":{"name":"Logo","decl":{"start":{"line":10,"column":23},"end":{"line":19,"column":2}},"loc":{"start":{"line":10,"column":23},"end":{"line":19,"column":2}},"line":10}},"f":{"0":3}}
,"C:\\Users\\91889\\OneDrive\\Desktop\\Zemoso\\React-SonarCloud\\frontend\\src\\components\\molecules\\DividerWithText\\DividerWithText.stories.tsx": {"path":"C:\\Users\\91889\\OneDrive\\Desktop\\Zemoso\\React-SonarCloud\\frontend\\src\\components\\molecules\\DividerWithText\\DividerWithText.stories.tsx","all":true,"statementMap":{"1":{"start":{"line":2,"column":0},"end":{"line":2,"column":48}},"3":{"start":{"line":4,"column":0},"end":{"line":4,"column":44}},"4":{"start":{"line":5,"column":0},"end":{"line":5,"column":55}},"5":{"start":{"line":6,"column":0},"end":{"line":6,"column":30}},"6":{"start":{"line":7,"column":0},"end":{"line":7,"column":1}},"8":{"start":{"line":9,"column":0},"end":{"line":9,"column":20}},"12":{"start":{"line":13,"column":0},"end":{"line":13,"column":31}},"13":{"start":{"line":14,"column":0},"end":{"line":14,"column":11}},"14":{"start":{"line":15,"column":0},"end":{"line":15,"column":19}},"15":{"start":{"line":16,"column":0},"end":{"line":16,"column":6}},"16":{"start":{"line":17,"column":0},"end":{"line":17,"column":2}},"18":{"start":{"line":19,"column":0},"end":{"line":19,"column":30}},"19":{"start":{"line":20,"column":0},"end":{"line":20,"column":11}},"20":{"start":{"line":21,"column":0},"end":{"line":21,"column":23}},"21":{"start":{"line":22,"column":0},"end":{"line":22,"column":6}},"22":{"start":{"line":23,"column":0},"end":{"line":23,"column":2}}},"s":{"1":0,"3":0,"4":0,"5":0,"6":0,"8":0,"12":0,"13":0,"14":0,"15":0,"16":0,"18":0,"19":0,"20":0,"21":0,"22":0},"branchMap":{"0":{"type":"branch","line":1,"loc":{"start":{"line":1,"column":488},"end":{"line":23,"column":2}},"locations":[{"start":{"line":1,"column":488},"end":{"line":23,"column":2}}]}},"b":{"0":[1]},"fnMap":{"0":{"name":"(empty-report)","decl":{"start":{"line":1,"column":488},"end":{"line":23,"column":2}},"loc":{"start":{"line":1,"column":488},"end":{"line":23,"column":2}},"line":1}},"f":{"0":1}}
,"C:\\Users\\91889\\OneDrive\\Desktop\\Zemoso\\React-SonarCloud\\frontend\\src\\components\\molecules\\DividerWithText\\DividerWithText.tsx": {"path":"C:\\Users\\91889\\OneDrive\\Desktop\\Zemoso\\React-SonarCloud\\frontend\\src\\components\\molecules\\DividerWithText\\DividerWithText.tsx","all":false,"statementMap":{"0":{"start":{"line":1,"column":0},"end":{"line":1,"column":65}},"6":{"start":{"line":7,"column":0},"end":{"line":7,"column":46}},"7":{"start":{"line":8,"column":0},"end":{"line":8,"column":10}},"8":{"start":{"line":9,"column":0},"end":{"line":9,"column":25}},"9":{"start":{"line":10,"column":0},"end":{"line":10,"column":4}},"11":{"start":{"line":12,"column":0},"end":{"line":12,"column":63}},"12":{"start":{"line":13,"column":0},"end":{"line":13,"column":10}},"13":{"start":{"line":14,"column":0},"end":{"line":14,"column":44}},"14":{"start":{"line":15,"column":0},"end":{"line":15,"column":23}},"15":{"start":{"line":16,"column":0},"end":{"line":16,"column":17}},"16":{"start":{"line":17,"column":0},"end":{"line":17,"column":11}},"17":{"start":{"line":18,"column":0},"end":{"line":18,"column":13}},"18":{"start":{"line":19,"column":0},"end":{"line":19,"column":32}},"19":{"start":{"line":20,"column":0},"end":{"line":20,"column":24}},"20":{"start":{"line":21,"column":0},"end":{"line":21,"column":8}},"22":{"start":{"line":23,"column":0},"end":{"line":23,"column":14}},"23":{"start":{"line":24,"column":0},"end":{"line":24,"column":19}},"24":{"start":{"line":25,"column":0},"end":{"line":25,"column":23}},"25":{"start":{"line":26,"column":0},"end":{"line":26,"column":10}},"27":{"start":{"line":28,"column":0},"end":{"line":28,"column":2}},"29":{"start":{"line":30,"column":0},"end":{"line":30,"column":31}}},"s":{"0":1,"6":1,"7":80,"8":80,"9":1,"11":1,"12":40,"13":40,"14":40,"15":40,"16":40,"17":40,"18":40,"19":40,"20":40,"22":40,"23":40,"24":40,"25":40,"27":40,"29":1},"branchMap":{"0":{"type":"branch","line":7,"loc":{"start":{"line":7,"column":38},"end":{"line":10,"column":2}},"locations":[{"start":{"line":7,"column":38},"end":{"line":10,"column":2}}]},"1":{"type":"branch","line":12,"loc":{"start":{"line":12,"column":48},"end":{"line":28,"column":2}},"locations":[{"start":{"line":12,"column":48},"end":{"line":28,"column":2}}]}},"b":{"0":[80],"1":[40]},"fnMap":{"0":{"name":"DividerWithText","decl":{"start":{"line":12,"column":48},"end":{"line":28,"column":2}},"loc":{"start":{"line":12,"column":48},"end":{"line":28,"column":2}},"line":12}},"f":{"0":40}}
,"C:\\Users\\91889\\OneDrive\\Desktop\\Zemoso\\React-SonarCloud\\frontend\\src\\components\\molecules\\SocialLoginButton\\SocialLoginButton.stories.tsx": {"path":"C:\\Users\\91889\\OneDrive\\Desktop\\Zemoso\\React-SonarCloud\\frontend\\src\\components\\molecules\\SocialLoginButton\\SocialLoginButton.stories.tsx","all":true,"statementMap":{"1":{"start":{"line":2,"column":0},"end":{"line":2,"column":52}},"2":{"start":{"line":3,"column":0},"end":{"line":3,"column":50}},"3":{"start":{"line":4,"column":0},"end":{"line":4,"column":50}},"4":{"start":{"line":5,"column":0},"end":{"line":5,"column":46}},"6":{"start":{"line":7,"column":0},"end":{"line":7,"column":46}},"7":{"start":{"line":8,"column":0},"end":{"line":8,"column":59}},"8":{"start":{"line":9,"column":0},"end":{"line":9,"column":33}},"9":{"start":{"line":10,"column":0},"end":{"line":10,"column":23}},"10":{"start":{"line":11,"column":0},"end":{"line":11,"column":1}},"12":{"start":{"line":13,"column":0},"end":{"line":13,"column":20}},"16":{"start":{"line":17,"column":0},"end":{"line":17,"column":30}},"17":{"start":{"line":18,"column":0},"end":{"line":18,"column":11}},"18":{"start":{"line":19,"column":0},"end":{"line":19,"column":24}},"19":{"start":{"line":20,"column":0},"end":{"line":20,"column":24}},"20":{"start":{"line":21,"column":0},"end":{"line":21,"column":53}},"21":{"start":{"line":22,"column":0},"end":{"line":22,"column":5}},"22":{"start":{"line":23,"column":0},"end":{"line":23,"column":1}},"24":{"start":{"line":25,"column":0},"end":{"line":25,"column":30}},"25":{"start":{"line":26,"column":0},"end":{"line":26,"column":11}},"26":{"start":{"line":27,"column":0},"end":{"line":27,"column":24}},"27":{"start":{"line":28,"column":0},"end":{"line":28,"column":24}},"28":{"start":{"line":29,"column":0},"end":{"line":29,"column":53}},"29":{"start":{"line":30,"column":0},"end":{"line":30,"column":5}},"30":{"start":{"line":31,"column":0},"end":{"line":31,"column":1}},"32":{"start":{"line":33,"column":0},"end":{"line":33,"column":28}},"33":{"start":{"line":34,"column":0},"end":{"line":34,"column":11}},"34":{"start":{"line":35,"column":0},"end":{"line":35,"column":22}},"35":{"start":{"line":36,"column":0},"end":{"line":36,"column":22}},"36":{"start":{"line":37,"column":0},"end":{"line":37,"column":51}},"37":{"start":{"line":38,"column":0},"end":{"line":38,"column":5}},"38":{"start":{"line":39,"column":0},"end":{"line":39,"column":1}}},"s":{"1":0,"2":0,"3":0,"4":0,"6":0,"7":0,"8":0,"9":0,"10":0,"12":0,"16":0,"17":0,"18":0,"19":0,"20":0,"21":0,"22":0,"24":0,"25":0,"26":0,"27":0,"28":0,"29":0,"30":0,"32":0,"33":0,"34":0,"35":0,"36":0,"37":0,"38":0},"branchMap":{"0":{"type":"branch","line":1,"loc":{"start":{"line":1,"column":999},"end":{"line":39,"column":1}},"locations":[{"start":{"line":1,"column":999},"end":{"line":39,"column":1}}]}},"b":{"0":[1]},"fnMap":{"0":{"name":"(empty-report)","decl":{"start":{"line":1,"column":999},"end":{"line":39,"column":1}},"loc":{"start":{"line":1,"column":999},"end":{"line":39,"column":1}},"line":1}},"f":{"0":1}}
,"C:\\Users\\91889\\OneDrive\\Desktop\\Zemoso\\React-SonarCloud\\frontend\\src\\components\\molecules\\SocialLoginButton\\SocialLoginButton.tsx": {"path":"C:\\Users\\91889\\OneDrive\\Desktop\\Zemoso\\React-SonarCloud\\frontend\\src\\components\\molecules\\SocialLoginButton\\SocialLoginButton.tsx","all":false,"statementMap":{"0":{"start":{"line":1,"column":0},"end":{"line":1,"column":64}},"8":{"start":{"line":9,"column":0},"end":{"line":9,"column":50}},"9":{"start":{"line":10,"column":0},"end":{"line":10,"column":18}},"10":{"start":{"line":11,"column":0},"end":{"line":11,"column":18}},"11":{"start":{"line":12,"column":0},"end":{"line":12,"column":14}},"12":{"start":{"line":13,"column":0},"end":{"line":13,"column":25}},"13":{"start":{"line":14,"column":0},"end":{"line":14,"column":17}},"14":{"start":{"line":15,"column":0},"end":{"line":15,"column":29}},"15":{"start":{"line":16,"column":0},"end":{"line":16,"column":3}},"17":{"start":{"line":18,"column":0},"end":{"line":18,"column":91}},"18":{"start":{"line":19,"column":0},"end":{"line":19,"column":10}},"19":{"start":{"line":20,"column":0},"end":{"line":20,"column":23}},"20":{"start":{"line":21,"column":0},"end":{"line":21,"column":23}},"21":{"start":{"line":22,"column":0},"end":{"line":22,"column":24}},"23":{"start":{"line":24,"column":0},"end":{"line":24,"column":77}},"24":{"start":{"line":25,"column":0},"end":{"line":25,"column":61}},"25":{"start":{"line":26,"column":0},"end":{"line":26,"column":40}},"26":{"start":{"line":27,"column":0},"end":{"line":27,"column":12}},"27":{"start":{"line":28,"column":0},"end":{"line":28,"column":25}},"29":{"start":{"line":30,"column":0},"end":{"line":30,"column":2}},"31":{"start":{"line":32,"column":0},"end":{"line":32,"column":33}}},"s":{"0":1,"8":1,"9":114,"10":114,"11":114,"12":114,"13":114,"14":114,"15":1,"17":1,"18":114,"19":114,"20":114,"21":114,"23":114,"24":114,"25":114,"26":114,"27":114,"29":114,"31":1},"branchMap":{"0":{"type":"branch","line":9,"loc":{"start":{"line":9,"column":42},"end":{"line":16,"column":2}},"locations":[{"start":{"line":9,"column":42},"end":{"line":16,"column":2}}]},"1":{"type":"branch","line":18,"loc":{"start":{"line":18,"column":60},"end":{"line":30,"column":2}},"locations":[{"start":{"line":18,"column":60},"end":{"line":30,"column":2}}]}},"b":{"0":[114],"1":[114]},"fnMap":{"0":{"name":"SocialLoginButton","decl":{"start":{"line":18,"column":60},"end":{"line":30,"column":2}},"loc":{"start":{"line":18,"column":60},"end":{"line":30,"column":2}},"line":18}},"f":{"0":114}}
,"C:\\Users\\91889\\OneDrive\\Desktop\\Zemoso\\React-SonarCloud\\frontend\\src\\components\\organisms\\LeftHero.tsx": {"path":"C:\\Users\\91889\\OneDrive\\Desktop\\Zemoso\\React-SonarCloud\\frontend\\src\\components\\organisms\\LeftHero.tsx","all":false,"statementMap":{"0":{"start":{"line":1,"column":0},"end":{"line":1,"column":36}},"1":{"start":{"line":2,"column":0},"end":{"line":2,"column":38}},"2":{"start":{"line":3,"column":0},"end":{"line":3,"column":32}},"8":{"start":{"line":9,"column":0},"end":{"line":9,"column":65}},"9":{"start":{"line":10,"column":0},"end":{"line":10,"column":10}},"10":{"start":{"line":11,"column":0},"end":{"line":11,"column":8}},"11":{"start":{"line":12,"column":0},"end":{"line":12,"column":14}},"12":{"start":{"line":13,"column":0},"end":{"line":13,"column":20}},"13":{"start":{"line":14,"column":0},"end":{"line":14,"column":44}},"14":{"start":{"line":15,"column":0},"end":{"line":15,"column":11}},"16":{"start":{"line":17,"column":0},"end":{"line":17,"column":41}},"17":{"start":{"line":18,"column":0},"end":{"line":18,"column":16}},"18":{"start":{"line":19,"column":0},"end":{"line":19,"column":12}},"19":{"start":{"line":20,"column":0},"end":{"line":20,"column":78}},"20":{"start":{"line":21,"column":0},"end":{"line":21,"column":10}},"22":{"start":{"line":23,"column":0},"end":{"line":23,"column":2}},"24":{"start":{"line":25,"column":0},"end":{"line":25,"column":24}}},"s":{"0":1,"1":1,"2":1,"8":1,"9":3,"10":3,"11":3,"12":3,"13":3,"14":3,"16":3,"17":3,"18":3,"19":3,"20":3,"22":3,"24":1},"branchMap":{"0":{"type":"branch","line":9,"loc":{"start":{"line":9,"column":42},"end":{"line":23,"column":2}},"locations":[{"start":{"line":9,"column":42},"end":{"line":23,"column":2}}]}},"b":{"0":[3]},"fnMap":{"0":{"name":"LeftHero","decl":{"start":{"line":9,"column":42},"end":{"line":23,"column":2}},"loc":{"start":{"line":9,"column":42},"end":{"line":23,"column":2}},"line":9}},"f":{"0":3}}
,"C:\\Users\\91889\\OneDrive\\Desktop\\Zemoso\\React-SonarCloud\\frontend\\src\\components\\organisms\\LoginForm.tsx": {"path":"C:\\Users\\91889\\OneDrive\\Desktop\\Zemoso\\React-SonarCloud\\frontend\\src\\components\\organisms\\LoginForm.tsx","all":false,"statementMap":{"0":{"start":{"line":1,"column":0},"end":{"line":1,"column":54}},"1":{"start":{"line":2,"column":0},"end":{"line":2,"column":41}},"2":{"start":{"line":3,"column":0},"end":{"line":3,"column":54}},"3":{"start":{"line":4,"column":0},"end":{"line":4,"column":75}},"4":{"start":{"line":5,"column":0},"end":{"line":5,"column":81}},"5":{"start":{"line":6,"column":0},"end":{"line":6,"column":49}},"6":{"start":{"line":7,"column":0},"end":{"line":7,"column":49}},"7":{"start":{"line":8,"column":0},"end":{"line":8,"column":45}},"8":{"start":{"line":9,"column":0},"end":{"line":9,"column":52}},"9":{"start":{"line":10,"column":0},"end":{"line":10,"column":33}},"10":{"start":{"line":11,"column":0},"end":{"line":11,"column":34}},"11":{"start":{"line":12,"column":0},"end":{"line":12,"column":54}},"13":{"start":{"line":14,"column":0},"end":{"line":14,"column":35}},"14":{"start":{"line":15,"column":0},"end":{"line":15,"column":41}},"15":{"start":{"line":16,"column":0},"end":{"line":16,"column":47}},"16":{"start":{"line":17,"column":0},"end":{"line":17,"column":58}},"18":{"start":{"line":19,"column":0},"end":{"line":19,"column":35}},"19":{"start":{"line":20,"column":0},"end":{"line":20,"column":9}},"20":{"start":{"line":21,"column":0},"end":{"line":21,"column":21}},"23":{"start":{"line":24,"column":0},"end":{"line":24,"column":78}},"25":{"start":{"line":26,"column":0},"end":{"line":26,"column":32}},"26":{"start":{"line":27,"column":0},"end":{"line":27,"column":46}},"27":{"start":{"line":28,"column":0},"end":{"line":28,"column":14}},"28":{"start":{"line":29,"column":0},"end":{"line":29,"column":46}},"29":{"start":{"line":30,"column":0},"end":{"line":30,"column":7}},"30":{"start":{"line":31,"column":0},"end":{"line":31,"column":19}},"31":{"start":{"line":32,"column":0},"end":{"line":32,"column":58}},"32":{"start":{"line":33,"column":0},"end":{"line":33,"column":23}},"33":{"start":{"line":34,"column":0},"end":{"line":34,"column":5}},"34":{"start":{"line":35,"column":0},"end":{"line":35,"column":4}},"36":{"start":{"line":37,"column":0},"end":{"line":37,"column":10}},"37":{"start":{"line":38,"column":0},"end":{"line":38,"column":55}},"38":{"start":{"line":39,"column":0},"end":{"line":39,"column":11}},"39":{"start":{"line":40,"column":0},"end":{"line":40,"column":78}},"40":{"start":{"line":41,"column":0},"end":{"line":41,"column":29}},"41":{"start":{"line":42,"column":0},"end":{"line":42,"column":21}},"42":{"start":{"line":43,"column":0},"end":{"line":43,"column":59}},"43":{"start":{"line":44,"column":0},"end":{"line":44,"column":32}},"44":{"start":{"line":45,"column":0},"end":{"line":45,"column":21}},"45":{"start":{"line":46,"column":0},"end":{"line":46,"column":12}},"47":{"start":{"line":48,"column":0},"end":{"line":48,"column":12}},"48":{"start":{"line":49,"column":0},"end":{"line":49,"column":20}},"49":{"start":{"line":50,"column":0},"end":{"line":50,"column":21}},"50":{"start":{"line":51,"column":0},"end":{"line":51,"column":41}},"51":{"start":{"line":52,"column":0},"end":{"line":52,"column":27}},"52":{"start":{"line":53,"column":0},"end":{"line":53,"column":8}},"53":{"start":{"line":54,"column":0},"end":{"line":54,"column":12}},"54":{"start":{"line":55,"column":0},"end":{"line":55,"column":23}},"55":{"start":{"line":56,"column":0},"end":{"line":56,"column":24}},"56":{"start":{"line":57,"column":0},"end":{"line":57,"column":41}},"57":{"start":{"line":58,"column":0},"end":{"line":58,"column":30}},"58":{"start":{"line":59,"column":0},"end":{"line":59,"column":8}},"60":{"start":{"line":61,"column":0},"end":{"line":61,"column":63}},"62":{"start":{"line":63,"column":0},"end":{"line":63,"column":71}},"63":{"start":{"line":64,"column":0},"end":{"line":64,"column":36}},"64":{"start":{"line":65,"column":0},"end":{"line":65,"column":13}},"66":{"start":{"line":67,"column":0},"end":{"line":67,"column":18}},"67":{"start":{"line":68,"column":0},"end":{"line":68,"column":42}},"68":{"start":{"line":69,"column":0},"end":{"line":69,"column":23}},"69":{"start":{"line":70,"column":0},"end":{"line":70,"column":29}},"70":{"start":{"line":71,"column":0},"end":{"line":71,"column":38}},"71":{"start":{"line":72,"column":0},"end":{"line":72,"column":8}},"73":{"start":{"line":74,"column":0},"end":{"line":74,"column":35}},"75":{"start":{"line":76,"column":0},"end":{"line":76,"column":34}},"76":{"start":{"line":77,"column":0},"end":{"line":77,"column":26}},"77":{"start":{"line":78,"column":0},"end":{"line":78,"column":27}},"78":{"start":{"line":79,"column":0},"end":{"line":79,"column":24}},"79":{"start":{"line":80,"column":0},"end":{"line":80,"column":47}},"80":{"start":{"line":81,"column":0},"end":{"line":81,"column":10}},"81":{"start":{"line":82,"column":0},"end":{"line":82,"column":26}},"82":{"start":{"line":83,"column":0},"end":{"line":83,"column":27}},"83":{"start":{"line":84,"column":0},"end":{"line":84,"column":24}},"84":{"start":{"line":85,"column":0},"end":{"line":85,"column":47}},"85":{"start":{"line":86,"column":0},"end":{"line":86,"column":10}},"86":{"start":{"line":87,"column":0},"end":{"line":87,"column":26}},"87":{"start":{"line":88,"column":0},"end":{"line":88,"column":25}},"88":{"start":{"line":89,"column":0},"end":{"line":89,"column":22}},"89":{"start":{"line":90,"column":0},"end":{"line":90,"column":45}},"90":{"start":{"line":91,"column":0},"end":{"line":91,"column":10}},"91":{"start":{"line":92,"column":0},"end":{"line":92,"column":12}},"93":{"start":{"line":94,"column":0},"end":{"line":94,"column":56}},"94":{"start":{"line":95,"column":0},"end":{"line":95,"column":36}},"95":{"start":{"line":96,"column":0},"end":{"line":96,"column":52}},"96":{"start":{"line":97,"column":0},"end":{"line":97,"column":30}},"97":{"start":{"line":98,"column":0},"end":{"line":98,"column":15}},"98":{"start":{"line":99,"column":0},"end":{"line":99,"column":19}},"99":{"start":{"line":100,"column":0},"end":{"line":100,"column":10}},"101":{"start":{"line":102,"column":0},"end":{"line":102,"column":2}},"103":{"start":{"line":104,"column":0},"end":{"line":104,"column":25}}},"s":{"0":1,"1":1,"2":1,"3":1,"4":1,"5":1,"6":1,"7":1,"8":1,"9":1,"10":1,"11":1,"13":1,"14":20,"15":20,"16":20,"18":20,"19":3,"20":3,"23":3,"25":3,"26":1,"27":1,"28":1,"29":1,"30":3,"31":1,"32":1,"33":1,"34":3,"36":20,"37":20,"38":20,"39":20,"40":20,"41":20,"42":20,"43":20,"44":20,"45":20,"47":20,"48":20,"49":20,"50":20,"51":20,"52":20,"53":20,"54":20,"55":20,"56":20,"57":20,"58":20,"60":20,"62":20,"63":20,"64":20,"66":20,"67":20,"68":20,"69":20,"70":20,"71":20,"73":20,"75":20,"76":20,"77":20,"78":20,"79":20,"80":20,"81":20,"82":20,"83":20,"84":20,"85":20,"86":20,"87":20,"88":20,"89":20,"90":20,"91":20,"93":20,"94":20,"95":20,"96":20,"97":20,"98":20,"99":20,"101":20,"103":1},"branchMap":{"0":{"type":"branch","line":14,"loc":{"start":{"line":14,"column":28},"end":{"line":102,"column":2}},"locations":[{"start":{"line":14,"column":28},"end":{"line":102,"column":2}}]},"1":{"type":"branch","line":61,"loc":{"start":{"line":61,"column":7},"end":{"line":61,"column":63}},"locations":[{"start":{"line":61,"column":7},"end":{"line":61,"column":63}}]},"2":{"type":"branch","line":71,"loc":{"start":{"line":71,"column":19},"end":{"line":71,"column":38}},"locations":[{"start":{"line":71,"column":19},"end":{"line":71,"column":38}}]},"3":{"type":"branch","line":19,"loc":{"start":{"line":19,"column":22},"end":{"line":35,"column":4}},"locations":[{"start":{"line":19,"column":22},"end":{"line":35,"column":4}}]},"4":{"type":"branch","line":24,"loc":{"start":{"line":24,"column":76},"end":{"line":26,"column":31}},"locations":[{"start":{"line":24,"column":76},"end":{"line":26,"column":31}}]},"5":{"type":"branch","line":26,"loc":{"start":{"line":26,"column":31},"end":{"line":30,"column":7}},"locations":[{"start":{"line":26,"column":31},"end":{"line":30,"column":7}}]},"6":{"type":"branch","line":31,"loc":{"start":{"line":31,"column":4},"end":{"line":34,"column":5}},"locations":[{"start":{"line":31,"column":4},"end":{"line":34,"column":5}}]}},"b":{"0":[20],"1":[4],"2":[12],"3":[3],"4":[2],"5":[1],"6":[1]},"fnMap":{"0":{"name":"LoginForm","decl":{"start":{"line":14,"column":28},"end":{"line":102,"column":2}},"loc":{"start":{"line":14,"column":28},"end":{"line":102,"column":2}},"line":14},"1":{"name":"handleLogin","decl":{"start":{"line":19,"column":22},"end":{"line":35,"column":4}},"loc":{"start":{"line":19,"column":22},"end":{"line":35,"column":4}},"line":19},"2":{"name":"onClick","decl":{"start":{"line":80,"column":19},"end":{"line":80,"column":47}},"loc":{"start":{"line":80,"column":19},"end":{"line":80,"column":47}},"line":80},"3":{"name":"onClick","decl":{"start":{"line":85,"column":19},"end":{"line":85,"column":47}},"loc":{"start":{"line":85,"column":19},"end":{"line":85,"column":47}},"line":85},"4":{"name":"onClick","decl":{"start":{"line":90,"column":19},"end":{"line":90,"column":45}},"loc":{"start":{"line":90,"column":19},"end":{"line":90,"column":45}},"line":90}},"f":{"0":20,"1":3,"2":0,"3":0,"4":0}}
,"C:\\Users\\91889\\OneDrive\\Desktop\\Zemoso\\React-SonarCloud\\frontend\\src\\components\\organisms\\SignupForm.tsx": {"path":"C:\\Users\\91889\\OneDrive\\Desktop\\Zemoso\\React-SonarCloud\\frontend\\src\\components\\organisms\\SignupForm.tsx","all":false,"statementMap":{"0":{"start":{"line":1,"column":0},"end":{"line":1,"column":53}},"1":{"start":{"line":2,"column":0},"end":{"line":2,"column":54}},"2":{"start":{"line":3,"column":0},"end":{"line":3,"column":41}},"3":{"start":{"line":4,"column":0},"end":{"line":4,"column":75}},"4":{"start":{"line":5,"column":0},"end":{"line":5,"column":81}},"5":{"start":{"line":6,"column":0},"end":{"line":6,"column":49}},"6":{"start":{"line":7,"column":0},"end":{"line":7,"column":49}},"7":{"start":{"line":8,"column":0},"end":{"line":8,"column":45}},"8":{"start":{"line":9,"column":0},"end":{"line":9,"column":67}},"9":{"start":{"line":10,"column":0},"end":{"line":10,"column":33}},"10":{"start":{"line":11,"column":0},"end":{"line":11,"column":34}},"11":{"start":{"line":12,"column":0},"end":{"line":12,"column":54}},"13":{"start":{"line":14,"column":0},"end":{"line":14,"column":36}},"14":{"start":{"line":15,"column":0},"end":{"line":15,"column":47}},"15":{"start":{"line":16,"column":0},"end":{"line":16,"column":49}},"16":{"start":{"line":17,"column":0},"end":{"line":17,"column":55}},"17":{"start":{"line":18,"column":0},"end":{"line":18,"column":58}},"18":{"start":{"line":19,"column":0},"end":{"line":19,"column":33}},"20":{"start":{"line":21,"column":0},"end":{"line":21,"column":36}},"21":{"start":{"line":22,"column":0},"end":{"line":22,"column":9}},"22":{"start":{"line":23,"column":0},"end":{"line":23,"column":21}},"25":{"start":{"line":26,"column":0},"end":{"line":26,"column":61}},"27":{"start":{"line":28,"column":0},"end":{"line":28,"column":44}},"28":{"start":{"line":29,"column":0},"end":{"line":29,"column":42}},"29":{"start":{"line":30,"column":0},"end":{"line":30,"column":15}},"30":{"start":{"line":31,"column":0},"end":{"line":31,"column":7}},"33":{"start":{"line":34,"column":0},"end":{"line":34,"column":58}},"35":{"start":{"line":36,"column":0},"end":{"line":36,"column":59}},"36":{"start":{"line":37,"column":0},"end":{"line":37,"column":20}},"37":{"start":{"line":38,"column":0},"end":{"line":38,"column":19}},"38":{"start":{"line":39,"column":0},"end":{"line":39,"column":58}},"39":{"start":{"line":40,"column":0},"end":{"line":40,"column":23}},"40":{"start":{"line":41,"column":0},"end":{"line":41,"column":5}},"41":{"start":{"line":42,"column":0},"end":{"line":42,"column":4}},"43":{"start":{"line":44,"column":0},"end":{"line":44,"column":10}},"44":{"start":{"line":45,"column":0},"end":{"line":45,"column":55}},"45":{"start":{"line":46,"column":0},"end":{"line":46,"column":11}},"46":{"start":{"line":47,"column":0},"end":{"line":47,"column":78}},"47":{"start":{"line":48,"column":0},"end":{"line":48,"column":30}},"48":{"start":{"line":49,"column":0},"end":{"line":49,"column":21}},"49":{"start":{"line":50,"column":0},"end":{"line":50,"column":12}},"51":{"start":{"line":52,"column":0},"end":{"line":52,"column":71}},"52":{"start":{"line":53,"column":0},"end":{"line":53,"column":12}},"53":{"start":{"line":54,"column":0},"end":{"line":54,"column":20}},"54":{"start":{"line":55,"column":0},"end":{"line":55,"column":21}},"55":{"start":{"line":56,"column":0},"end":{"line":56,"column":35}},"56":{"start":{"line":57,"column":0},"end":{"line":57,"column":27}},"57":{"start":{"line":58,"column":0},"end":{"line":58,"column":8}},"58":{"start":{"line":59,"column":0},"end":{"line":59,"column":12}},"59":{"start":{"line":60,"column":0},"end":{"line":60,"column":23}},"60":{"start":{"line":61,"column":0},"end":{"line":61,"column":24}},"61":{"start":{"line":62,"column":0},"end":{"line":62,"column":30}},"62":{"start":{"line":63,"column":0},"end":{"line":63,"column":30}},"63":{"start":{"line":64,"column":0},"end":{"line":64,"column":8}},"64":{"start":{"line":65,"column":0},"end":{"line":65,"column":63}},"66":{"start":{"line":67,"column":0},"end":{"line":67,"column":18}},"67":{"start":{"line":68,"column":0},"end":{"line":68,"column":41}},"68":{"start":{"line":69,"column":0},"end":{"line":69,"column":23}},"69":{"start":{"line":70,"column":0},"end":{"line":70,"column":30}},"70":{"start":{"line":71,"column":0},"end":{"line":71,"column":47}},"71":{"start":{"line":72,"column":0},"end":{"line":72,"column":8}},"73":{"start":{"line":74,"column":0},"end":{"line":74,"column":35}},"75":{"start":{"line":76,"column":0},"end":{"line":76,"column":34}},"76":{"start":{"line":77,"column":0},"end":{"line":77,"column":26}},"77":{"start":{"line":78,"column":0},"end":{"line":78,"column":27}},"78":{"start":{"line":79,"column":0},"end":{"line":79,"column":24}},"79":{"start":{"line":80,"column":0},"end":{"line":80,"column":48}},"80":{"start":{"line":81,"column":0},"end":{"line":81,"column":10}},"81":{"start":{"line":82,"column":0},"end":{"line":82,"column":26}},"82":{"start":{"line":83,"column":0},"end":{"line":83,"column":27}},"83":{"start":{"line":84,"column":0},"end":{"line":84,"column":24}},"84":{"start":{"line":85,"column":0},"end":{"line":85,"column":48}},"85":{"start":{"line":86,"column":0},"end":{"line":86,"column":10}},"86":{"start":{"line":87,"column":0},"end":{"line":87,"column":26}},"87":{"start":{"line":88,"column":0},"end":{"line":88,"column":25}},"88":{"start":{"line":89,"column":0},"end":{"line":89,"column":22}},"89":{"start":{"line":90,"column":0},"end":{"line":90,"column":46}},"90":{"start":{"line":91,"column":0},"end":{"line":91,"column":10}},"91":{"start":{"line":92,"column":0},"end":{"line":92,"column":12}},"93":{"start":{"line":94,"column":0},"end":{"line":94,"column":57}},"94":{"start":{"line":95,"column":0},"end":{"line":95,"column":37}},"95":{"start":{"line":96,"column":0},"end":{"line":96,"column":46}},"96":{"start":{"line":97,"column":0},"end":{"line":97,"column":30}},"97":{"start":{"line":98,"column":0},"end":{"line":98,"column":15}},"98":{"start":{"line":99,"column":0},"end":{"line":99,"column":19}},"99":{"start":{"line":100,"column":0},"end":{"line":100,"column":10}},"101":{"start":{"line":102,"column":0},"end":{"line":102,"column":2}},"103":{"start":{"line":104,"column":0},"end":{"line":104,"column":26}}},"s":{"0":1,"1":1,"2":1,"3":1,"4":1,"5":1,"6":1,"7":1,"8":1,"9":1,"10":1,"11":1,"13":1,"14":22,"15":22,"16":22,"17":22,"18":22,"20":22,"21":3,"22":3,"25":3,"27":3,"28":1,"29":1,"30":1,"33":1,"35":1,"36":1,"37":1,"38":1,"39":1,"40":1,"41":3,"43":22,"44":22,"45":22,"46":22,"47":22,"48":22,"49":22,"51":22,"52":22,"53":22,"54":22,"55":22,"56":22,"57":22,"58":22,"59":22,"60":22,"61":22,"62":22,"63":22,"64":22,"66":22,"67":22,"68":22,"69":22,"70":22,"71":22,"73":22,"75":22,"76":22,"77":22,"78":22,"79":22,"80":22,"81":22,"82":22,"83":22,"84":22,"85":22,"86":22,"87":22,"88":22,"89":22,"90":22,"91":22,"93":22,"94":22,"95":22,"96":22,"97":22,"98":22,"99":22,"101":22,"103":1},"branchMap":{"0":{"type":"branch","line":14,"loc":{"start":{"line":14,"column":29},"end":{"line":102,"column":2}},"locations":[{"start":{"line":14,"column":29},"end":{"line":102,"column":2}}]},"1":{"type":"branch","line":65,"loc":{"start":{"line":65,"column":7},"end":{"line":65,"column":63}},"locations":[{"start":{"line":65,"column":7},"end":{"line":65,"column":63}}]},"2":{"type":"branch","line":71,"loc":{"start":{"line":71,"column":19},"end":{"line":71,"column":37}},"locations":[{"start":{"line":71,"column":19},"end":{"line":71,"column":37}}]},"3":{"type":"branch","line":71,"loc":{"start":{"line":71,"column":28},"end":{"line":71,"column":47}},"locations":[{"start":{"line":71,"column":28},"end":{"line":71,"column":47}}]},"4":{"type":"branch","line":21,"loc":{"start":{"line":21,"column":23},"end":{"line":42,"column":4}},"locations":[{"start":{"line":21,"column":23},"end":{"line":42,"column":4}}]},"5":{"type":"branch","line":26,"loc":{"start":{"line":26,"column":59},"end":{"line":28,"column":43}},"locations":[{"start":{"line":26,"column":59},"end":{"line":28,"column":43}}]},"6":{"type":"branch","line":28,"loc":{"start":{"line":28,"column":43},"end":{"line":41,"column":5}},"locations":[{"start":{"line":28,"column":43},"end":{"line":41,"column":5}}]}},"b":{"0":[22],"1":[4],"2":[15],"3":[12],"4":[3],"5":[2],"6":[1]},"fnMap":{"0":{"name":"SignupForm","decl":{"start":{"line":14,"column":29},"end":{"line":102,"column":2}},"loc":{"start":{"line":14,"column":29},"end":{"line":102,"column":2}},"line":14},"1":{"name":"handleSignUp","decl":{"start":{"line":21,"column":23},"end":{"line":42,"column":4}},"loc":{"start":{"line":21,"column":23},"end":{"line":42,"column":4}},"line":21},"2":{"name":"onClick","decl":{"start":{"line":80,"column":19},"end":{"line":80,"column":48}},"loc":{"start":{"line":80,"column":19},"end":{"line":80,"column":48}},"line":80},"3":{"name":"onClick","decl":{"start":{"line":85,"column":19},"end":{"line":85,"column":48}},"loc":{"start":{"line":85,"column":19},"end":{"line":85,"column":48}},"line":85},"4":{"name":"onClick","decl":{"start":{"line":90,"column":19},"end":{"line":90,"column":46}},"loc":{"start":{"line":90,"column":19},"end":{"line":90,"column":46}},"line":90}},"f":{"0":22,"1":3,"2":0,"3":0,"4":0}}
,"C:\\Users\\91889\\OneDrive\\Desktop\\Zemoso\\React-SonarCloud\\frontend\\src\\pages\\LoginPage.tsx": {"path":"C:\\Users\\91889\\OneDrive\\Desktop\\Zemoso\\React-SonarCloud\\frontend\\src\\pages\\LoginPage.tsx","all":false,"statementMap":{"0":{"start":{"line":1,"column":0},"end":{"line":1,"column":36}},"1":{"start":{"line":2,"column":0},"end":{"line":2,"column":56}},"2":{"start":{"line":3,"column":0},"end":{"line":3,"column":58}},"3":{"start":{"line":4,"column":0},"end":{"line":4,"column":64}},"5":{"start":{"line":6,"column":0},"end":{"line":6,"column":25}},"6":{"start":{"line":7,"column":0},"end":{"line":7,"column":10}},"7":{"start":{"line":8,"column":0},"end":{"line":8,"column":52}},"8":{"start":{"line":9,"column":0},"end":{"line":9,"column":57}},"9":{"start":{"line":10,"column":0},"end":{"line":10,"column":52}},"10":{"start":{"line":11,"column":0},"end":{"line":11,"column":12}},"11":{"start":{"line":12,"column":0},"end":{"line":12,"column":10}},"12":{"start":{"line":13,"column":0},"end":{"line":13,"column":16}},"13":{"start":{"line":14,"column":0},"end":{"line":14,"column":22}},"14":{"start":{"line":15,"column":0},"end":{"line":15,"column":27}},"15":{"start":{"line":16,"column":0},"end":{"line":16,"column":31}},"16":{"start":{"line":17,"column":0},"end":{"line":17,"column":36}},"18":{"start":{"line":19,"column":0},"end":{"line":19,"column":21}},"19":{"start":{"line":20,"column":0},"end":{"line":20,"column":12}},"20":{"start":{"line":21,"column":0},"end":{"line":21,"column":10}},"22":{"start":{"line":23,"column":0},"end":{"line":23,"column":2}},"24":{"start":{"line":25,"column":0},"end":{"line":25,"column":25}}},"s":{"0":1,"1":1,"2":1,"3":1,"5":1,"6":3,"7":3,"8":3,"9":3,"10":3,"11":3,"12":3,"13":3,"14":3,"15":3,"16":3,"18":3,"19":3,"20":3,"22":3,"24":1},"branchMap":{"0":{"type":"branch","line":6,"loc":{"start":{"line":6,"column":18},"end":{"line":23,"column":2}},"locations":[{"start":{"line":6,"column":18},"end":{"line":23,"column":2}}]}},"b":{"0":[3]},"fnMap":{"0":{"name":"LoginPage","decl":{"start":{"line":6,"column":18},"end":{"line":23,"column":2}},"loc":{"start":{"line":6,"column":18},"end":{"line":23,"column":2}},"line":6}},"f":{"0":3}}
,"C:\\Users\\91889\\OneDrive\\Desktop\\Zemoso\\React-SonarCloud\\frontend\\src\\pages\\SignupPage.tsx": {"path":"C:\\Users\\91889\\OneDrive\\Desktop\\Zemoso\\React-SonarCloud\\frontend\\src\\pages\\SignupPage.tsx","all":false,"statementMap":{"0":{"start":{"line":1,"column":0},"end":{"line":1,"column":36}},"1":{"start":{"line":2,"column":0},"end":{"line":2,"column":56}},"2":{"start":{"line":3,"column":0},"end":{"line":3,"column":60}},"3":{"start":{"line":4,"column":0},"end":{"line":4,"column":67}},"5":{"start":{"line":6,"column":0},"end":{"line":6,"column":26}},"6":{"start":{"line":7,"column":0},"end":{"line":7,"column":10}},"7":{"start":{"line":8,"column":0},"end":{"line":8,"column":52}},"8":{"start":{"line":9,"column":0},"end":{"line":9,"column":57}},"9":{"start":{"line":10,"column":0},"end":{"line":10,"column":54}},"10":{"start":{"line":11,"column":0},"end":{"line":11,"column":12}},"12":{"start":{"line":13,"column":0},"end":{"line":13,"column":10}},"13":{"start":{"line":14,"column":0},"end":{"line":14,"column":16}},"14":{"start":{"line":15,"column":0},"end":{"line":15,"column":22}},"15":{"start":{"line":16,"column":0},"end":{"line":16,"column":31}},"16":{"start":{"line":17,"column":0},"end":{"line":17,"column":27}},"17":{"start":{"line":18,"column":0},"end":{"line":18,"column":36}},"19":{"start":{"line":20,"column":0},"end":{"line":20,"column":22}},"20":{"start":{"line":21,"column":0},"end":{"line":21,"column":12}},"21":{"start":{"line":22,"column":0},"end":{"line":22,"column":10}},"23":{"start":{"line":24,"column":0},"end":{"line":24,"column":2}},"25":{"start":{"line":26,"column":0},"end":{"line":26,"column":26}}},"s":{"0":1,"1":1,"2":1,"3":1,"5":1,"6":3,"7":3,"8":3,"9":3,"10":3,"12":3,"13":3,"14":3,"15":3,"16":3,"17":3,"19":3,"20":3,"21":3,"23":3,"25":1},"branchMap":{"0":{"type":"branch","line":6,"loc":{"start":{"line":6,"column":19},"end":{"line":24,"column":2}},"locations":[{"start":{"line":6,"column":19},"end":{"line":24,"column":2}}]}},"b":{"0":[3]},"fnMap":{"0":{"name":"SignupPage","decl":{"start":{"line":6,"column":19},"end":{"line":24,"column":2}},"loc":{"start":{"line":6,"column":19},"end":{"line":24,"column":2}},"line":6}},"f":{"0":3}}
,"C:\\Users\\91889\\OneDrive\\Desktop\\Zemoso\\React-SonarCloud\\frontend\\src\\theme\\index.ts": {"path":"C:\\Users\\91889\\OneDrive\\Desktop\\Zemoso\\React-SonarCloud\\frontend\\src\\theme\\index.ts","all":false,"statementMap":{"0":{"start":{"line":1,"column":0},"end":{"line":1,"column":44}},"2":{"start":{"line":3,"column":0},"end":{"line":3,"column":27}},"3":{"start":{"line":4,"column":0},"end":{"line":4,"column":14}},"4":{"start":{"line":5,"column":0},"end":{"line":5,"column":18}},"5":{"start":{"line":6,"column":0},"end":{"line":6,"column":27}},"6":{"start":{"line":7,"column":0},"end":{"line":7,"column":10}},"7":{"start":{"line":8,"column":0},"end":{"line":8,"column":20}},"8":{"start":{"line":9,"column":0},"end":{"line":9,"column":27}},"9":{"start":{"line":10,"column":0},"end":{"line":10,"column":10}},"10":{"start":{"line":11,"column":0},"end":{"line":11,"column":15}},"11":{"start":{"line":12,"column":0},"end":{"line":12,"column":31}},"12":{"start":{"line":13,"column":0},"end":{"line":13,"column":32}},"13":{"start":{"line":14,"column":0},"end":{"line":14,"column":10}},"14":{"start":{"line":15,"column":0},"end":{"line":15,"column":21}},"15":{"start":{"line":16,"column":0},"end":{"line":16,"column":30}},"16":{"start":{"line":17,"column":0},"end":{"line":17,"column":9}},"17":{"start":{"line":18,"column":0},"end":{"line":18,"column":6}},"18":{"start":{"line":19,"column":0},"end":{"line":19,"column":17}},"19":{"start":{"line":20,"column":0},"end":{"line":20,"column":41}},"20":{"start":{"line":21,"column":0},"end":{"line":21,"column":17}},"21":{"start":{"line":22,"column":0},"end":{"line":22,"column":33}},"22":{"start":{"line":23,"column":0},"end":{"line":23,"column":9}},"23":{"start":{"line":24,"column":0},"end":{"line":24,"column":6}},"24":{"start":{"line":25,"column":0},"end":{"line":25,"column":12}},"25":{"start":{"line":26,"column":0},"end":{"line":26,"column":23}},"26":{"start":{"line":27,"column":0},"end":{"line":27,"column":6}},"27":{"start":{"line":28,"column":0},"end":{"line":28,"column":2}},"29":{"start":{"line":30,"column":0},"end":{"line":30,"column":21}}},"s":{"0":1,"2":1,"3":1,"4":1,"5":1,"6":1,"7":1,"8":1,"9":1,"10":1,"11":1,"12":1,"13":1,"14":1,"15":1,"16":1,"17":1,"18":1,"19":1,"20":1,"21":1,"22":1,"23":1,"24":1,"25":1,"26":1,"27":1,"29":1},"branchMap":{},"b":{},"fnMap":{},"f":{}}
,"C:\\Users\\91889\\OneDrive\\Desktop\\Zemoso\\React-SonarCloud\\frontend\\src\\utils\\api.ts": {"path":"C:\\Users\\91889\\OneDrive\\Desktop\\Zemoso\\React-SonarCloud\\frontend\\src\\utils\\api.ts","all":true,"statementMap":{"0":{"start":{"line":1,"column":0},"end":{"line":1,"column":26}},"2":{"start":{"line":3,"column":0},"end":{"line":3,"column":26}},"3":{"start":{"line":4,"column":0},"end":{"line":4,"column":35}},"4":{"start":{"line":5,"column":0},"end":{"line":5,"column":3}},"6":{"start":{"line":7,"column":0},"end":{"line":7,"column":19}}},"s":{"0":0,"2":0,"3":0,"4":0,"6":0},"branchMap":{"0":{"type":"branch","line":1,"loc":{"start":{"line":1,"column":121},"end":{"line":7,"column":19}},"locations":[{"start":{"line":1,"column":121},"end":{"line":7,"column":19}}]}},"b":{"0":[0]},"fnMap":{"0":{"name":"(empty-report)","decl":{"start":{"line":1,"column":121},"end":{"line":7,"column":19}},"loc":{"start":{"line":1,"column":121},"end":{"line":7,"column":19}},"line":1}},"f":{"0":0}}
,"C:\\Users\\91889\\OneDrive\\Desktop\\Zemoso\\React-SonarCloud\\frontend\\src\\utils\\constants.ts": {"path":"C:\\Users\\91889\\OneDrive\\Desktop\\Zemoso\\React-SonarCloud\\frontend\\src\\utils\\constants.ts","all":false,"statementMap":{"0":{"start":{"line":1,"column":0},"end":{"line":1,"column":28}},"1":{"start":{"line":2,"column":0},"end":{"line":2,"column":29}},"2":{"start":{"line":3,"column":0},"end":{"line":3,"column":55}},"3":{"start":{"line":4,"column":0},"end":{"line":4,"column":37}},"4":{"start":{"line":5,"column":0},"end":{"line":5,"column":29}},"5":{"start":{"line":6,"column":0},"end":{"line":6,"column":38}},"6":{"start":{"line":7,"column":0},"end":{"line":7,"column":20}},"7":{"start":{"line":8,"column":0},"end":{"line":8,"column":2}},"9":{"start":{"line":10,"column":0},"end":{"line":10,"column":29}},"10":{"start":{"line":11,"column":0},"end":{"line":11,"column":21}},"11":{"start":{"line":12,"column":0},"end":{"line":12,"column":26}},"12":{"start":{"line":13,"column":0},"end":{"line":13,"column":40}},"13":{"start":{"line":14,"column":0},"end":{"line":14,"column":17}},"14":{"start":{"line":15,"column":0},"end":{"line":15,"column":2}},"16":{"start":{"line":17,"column":0},"end":{"line":17,"column":28}},"17":{"start":{"line":18,"column":0},"end":{"line":18,"column":13}},"18":{"start":{"line":19,"column":0},"end":{"line":19,"column":20}},"19":{"start":{"line":20,"column":0},"end":{"line":20,"column":20}},"20":{"start":{"line":21,"column":0},"end":{"line":21,"column":19}},"21":{"start":{"line":22,"column":0},"end":{"line":22,"column":2}},"23":{"start":{"line":24,"column":0},"end":{"line":24,"column":27}},"24":{"start":{"line":25,"column":0},"end":{"line":25,"column":22}},"25":{"start":{"line":26,"column":0},"end":{"line":26,"column":32}},"26":{"start":{"line":27,"column":0},"end":{"line":27,"column":19}},"27":{"start":{"line":28,"column":0},"end":{"line":28,"column":25}},"28":{"start":{"line":29,"column":0},"end":{"line":29,"column":22}},"29":{"start":{"line":30,"column":0},"end":{"line":30,"column":2}}},"s":{"0":1,"1":1,"2":1,"3":1,"4":1,"5":1,"6":1,"7":1,"9":1,"10":1,"11":1,"12":1,"13":1,"14":1,"16":1,"17":1,"18":1,"19":1,"20":1,"21":1,"23":1,"24":1,"25":1,"26":1,"27":1,"28":1,"29":1},"branchMap":{},"b":{},"fnMap":{},"f":{}}
}
