TN:
SF:src\App.tsx
FN:5,App
FNF:1
FNH:1
FNDA:1,App
DA:1,1
DA:2,1
DA:3,1
DA:5,1
DA:6,1
DA:7,1
DA:8,1
DA:9,1
DA:10,1
DA:12,1
DA:14,1
LF:11
LH:11
BRDA:5,0,0,1
BRF:1
BRH:1
end_of_record
TN:
SF:src\main.tsx
FN:1,(empty-report)
FNF:1
FNH:0
FNDA:0,(empty-report)
DA:1,0
DA:2,0
DA:3,0
DA:4,0
DA:5,0
DA:7,0
DA:8,0
DA:9,0
DA:10,0
DA:11,0
DA:12,0
DA:13,0
DA:14,0
DA:15,0
DA:16,0
DA:17,0
DA:18,0
DA:19,0
DA:20,0
DA:21,0
DA:22,0
DA:23,0
DA:25,0
DA:26,0
DA:27,0
LF:25
LH:0
BRDA:1,0,0,0
BRF:1
BRH:0
end_of_record
TN:
SF:src\components\atoms\Button\LogInButton.stories.tsx
FN:1,(empty-report)
FNF:1
FNH:1
FNDA:1,(empty-report)
DA:2,0
DA:4,0
DA:5,0
DA:6,0
DA:7,0
DA:8,0
DA:12,0
DA:13,0
DA:14,0
DA:15,0
DA:16,0
DA:17,0
DA:18,0
DA:20,0
DA:21,0
DA:22,0
DA:23,0
DA:24,0
DA:25,0
DA:26,0
LF:20
LH:0
BRDA:1,0,0,1
BRF:1
BRH:1
end_of_record
TN:
SF:src\components\atoms\Button\LogInButton.tsx
FN:24,LogInButton
FNF:1
FNH:1
FNDA:43,LogInButton
DA:1,1
DA:2,1
DA:3,1
DA:4,1
DA:13,1
DA:14,43
DA:15,43
DA:16,43
DA:17,43
DA:18,43
DA:19,43
DA:20,43
DA:21,43
DA:22,1
DA:24,1
DA:25,43
DA:26,43
DA:27,43
DA:28,43
DA:29,43
DA:30,43
DA:31,43
DA:33,43
DA:34,43
DA:36,43
DA:38,1
LF:26
LH:26
BRDA:13,0,0,43
BRDA:24,1,0,43
BRF:2
BRH:2
end_of_record
TN:
SF:src\components\atoms\Input\Input.stories.tsx
FN:1,(empty-report)
FNF:1
FNH:1
FNDA:1,(empty-report)
DA:2,0
DA:4,0
DA:5,0
DA:6,0
DA:7,0
DA:8,0
DA:12,0
DA:13,0
DA:14,0
DA:15,0
DA:16,0
DA:17,0
DA:18,0
DA:19,0
DA:20,0
DA:21,0
DA:22,0
DA:23,0
DA:24,0
DA:25,0
DA:26,0
DA:27,0
LF:22
LH:0
BRDA:1,0,0,1
BRF:1
BRH:1
end_of_record
TN:
SF:src\components\atoms\Input\Input.tsx
FN:24,Input
FN:30,onChange
FNF:2
FNH:2
FNDA:98,Input
FNDA:18,onChange
DA:1,1
DA:2,1
DA:3,1
DA:12,1
DA:13,98
DA:14,98
DA:15,98
DA:16,98
DA:17,98
DA:18,98
DA:19,98
DA:20,98
DA:21,98
DA:22,1
DA:24,1
DA:25,98
DA:26,98
DA:27,98
DA:28,98
DA:29,98
DA:30,98
DA:31,98
DA:32,98
DA:34,98
DA:36,1
LF:25
LH:25
BRDA:12,0,0,98
BRDA:24,1,0,98
BRDA:30,2,0,18
BRF:3
BRH:3
end_of_record
TN:
SF:src\components\atoms\Logo\Logo.tsx
FN:10,Logo
FNF:1
FNH:1
FNDA:3,Logo
DA:1,1
DA:2,1
DA:3,1
DA:5,1
DA:6,3
DA:7,3
DA:8,1
DA:10,1
DA:11,3
DA:12,3
DA:13,3
DA:14,3
DA:16,3
DA:17,3
DA:19,3
DA:21,1
LF:16
LH:16
BRDA:5,0,0,3
BRDA:10,1,0,3
BRF:2
BRH:2
end_of_record
TN:
SF:src\components\molecules\DividerWithText\DividerWithText.stories.tsx
FN:1,(empty-report)
FNF:1
FNH:1
FNDA:1,(empty-report)
DA:2,0
DA:4,0
DA:5,0
DA:6,0
DA:7,0
DA:9,0
DA:13,0
DA:14,0
DA:15,0
DA:16,0
DA:17,0
DA:19,0
DA:20,0
DA:21,0
DA:22,0
DA:23,0
LF:16
LH:0
BRDA:1,0,0,1
BRF:1
BRH:1
end_of_record
TN:
SF:src\components\molecules\DividerWithText\DividerWithText.tsx
FN:12,DividerWithText
FNF:1
FNH:1
FNDA:40,DividerWithText
DA:1,1
DA:7,1
DA:8,80
DA:9,80
DA:10,1
DA:12,1
DA:13,40
DA:14,40
DA:15,40
DA:16,40
DA:17,40
DA:18,40
DA:19,40
DA:20,40
DA:21,40
DA:23,40
DA:24,40
DA:25,40
DA:26,40
DA:28,40
DA:30,1
LF:21
LH:21
BRDA:7,0,0,80
BRDA:12,1,0,40
BRF:2
BRH:2
end_of_record
TN:
SF:src\components\molecules\SocialLoginButton\SocialLoginButton.stories.tsx
FN:1,(empty-report)
FNF:1
FNH:1
FNDA:1,(empty-report)
DA:2,0
DA:3,0
DA:4,0
DA:5,0
DA:7,0
DA:8,0
DA:9,0
DA:10,0
DA:11,0
DA:13,0
DA:17,0
DA:18,0
DA:19,0
DA:20,0
DA:21,0
DA:22,0
DA:23,0
DA:25,0
DA:26,0
DA:27,0
DA:28,0
DA:29,0
DA:30,0
DA:31,0
DA:33,0
DA:34,0
DA:35,0
DA:36,0
DA:37,0
DA:38,0
DA:39,0
LF:31
LH:0
BRDA:1,0,0,1
BRF:1
BRH:1
end_of_record
TN:
SF:src\components\molecules\SocialLoginButton\SocialLoginButton.tsx
FN:18,SocialLoginButton
FNF:1
FNH:1
FNDA:114,SocialLoginButton
DA:1,1
DA:9,1
DA:10,114
DA:11,114
DA:12,114
DA:13,114
DA:14,114
DA:15,114
DA:16,1
DA:18,1
DA:19,114
DA:20,114
DA:21,114
DA:22,114
DA:24,114
DA:25,114
DA:26,114
DA:27,114
DA:28,114
DA:30,114
DA:32,1
LF:21
LH:21
BRDA:9,0,0,114
BRDA:18,1,0,114
BRF:2
BRH:2
end_of_record
TN:
SF:src\components\organisms\LeftHero.tsx
FN:9,LeftHero
FNF:1
FNH:1
FNDA:3,LeftHero
DA:1,1
DA:2,1
DA:3,1
DA:9,1
DA:10,3
DA:11,3
DA:12,3
DA:13,3
DA:14,3
DA:15,3
DA:17,3
DA:18,3
DA:19,3
DA:20,3
DA:21,3
DA:23,3
DA:25,1
LF:17
LH:17
BRDA:9,0,0,3
BRF:1
BRH:1
end_of_record
TN:
SF:src\components\organisms\LoginForm.tsx
FN:14,LoginForm
FN:19,handleLogin
FN:80,onClick
FN:85,onClick
FN:90,onClick
FNF:5
FNH:2
FNDA:20,LoginForm
FNDA:3,handleLogin
FNDA:0,onClick
FNDA:0,onClick
FNDA:0,onClick
DA:1,1
DA:2,1
DA:3,1
DA:4,1
DA:5,1
DA:6,1
DA:7,1
DA:8,1
DA:9,1
DA:10,1
DA:11,1
DA:12,1
DA:14,1
DA:15,20
DA:16,20
DA:17,20
DA:19,20
DA:20,3
DA:21,3
DA:24,3
DA:26,3
DA:27,1
DA:28,1
DA:29,1
DA:30,1
DA:31,3
DA:32,1
DA:33,1
DA:34,1
DA:35,3
DA:37,20
DA:38,20
DA:39,20
DA:40,20
DA:41,20
DA:42,20
DA:43,20
DA:44,20
DA:45,20
DA:46,20
DA:48,20
DA:49,20
DA:50,20
DA:51,20
DA:52,20
DA:53,20
DA:54,20
DA:55,20
DA:56,20
DA:57,20
DA:58,20
DA:59,20
DA:61,20
DA:63,20
DA:64,20
DA:65,20
DA:67,20
DA:68,20
DA:69,20
DA:70,20
DA:71,20
DA:72,20
DA:74,20
DA:76,20
DA:77,20
DA:78,20
DA:79,20
DA:80,20
DA:81,20
DA:82,20
DA:83,20
DA:84,20
DA:85,20
DA:86,20
DA:87,20
DA:88,20
DA:89,20
DA:90,20
DA:91,20
DA:92,20
DA:94,20
DA:95,20
DA:96,20
DA:97,20
DA:98,20
DA:99,20
DA:100,20
DA:102,20
DA:104,1
LF:89
LH:89
BRDA:14,0,0,20
BRDA:61,1,0,4
BRDA:71,2,0,12
BRDA:19,3,0,3
BRDA:24,4,0,2
BRDA:26,5,0,1
BRDA:31,6,0,1
BRF:7
BRH:7
end_of_record
TN:
SF:src\components\organisms\SignupForm.tsx
FN:14,SignupForm
FN:21,handleSignUp
FN:80,onClick
FN:85,onClick
FN:90,onClick
FNF:5
FNH:2
FNDA:22,SignupForm
FNDA:3,handleSignUp
FNDA:0,onClick
FNDA:0,onClick
FNDA:0,onClick
DA:1,1
DA:2,1
DA:3,1
DA:4,1
DA:5,1
DA:6,1
DA:7,1
DA:8,1
DA:9,1
DA:10,1
DA:11,1
DA:12,1
DA:14,1
DA:15,22
DA:16,22
DA:17,22
DA:18,22
DA:19,22
DA:21,22
DA:22,3
DA:23,3
DA:26,3
DA:28,3
DA:29,1
DA:30,1
DA:31,1
DA:34,1
DA:36,1
DA:37,1
DA:38,1
DA:39,1
DA:40,1
DA:41,1
DA:42,3
DA:44,22
DA:45,22
DA:46,22
DA:47,22
DA:48,22
DA:49,22
DA:50,22
DA:52,22
DA:53,22
DA:54,22
DA:55,22
DA:56,22
DA:57,22
DA:58,22
DA:59,22
DA:60,22
DA:61,22
DA:62,22
DA:63,22
DA:64,22
DA:65,22
DA:67,22
DA:68,22
DA:69,22
DA:70,22
DA:71,22
DA:72,22
DA:74,22
DA:76,22
DA:77,22
DA:78,22
DA:79,22
DA:80,22
DA:81,22
DA:82,22
DA:83,22
DA:84,22
DA:85,22
DA:86,22
DA:87,22
DA:88,22
DA:89,22
DA:90,22
DA:91,22
DA:92,22
DA:94,22
DA:95,22
DA:96,22
DA:97,22
DA:98,22
DA:99,22
DA:100,22
DA:102,22
DA:104,1
LF:88
LH:88
BRDA:14,0,0,22
BRDA:65,1,0,4
BRDA:71,2,0,15
BRDA:71,3,0,12
BRDA:21,4,0,3
BRDA:26,5,0,2
BRDA:28,6,0,1
BRF:7
BRH:7
end_of_record
TN:
SF:src\pages\LoginPage.tsx
FN:6,LoginPage
FNF:1
FNH:1
FNDA:3,LoginPage
DA:1,1
DA:2,1
DA:3,1
DA:4,1
DA:6,1
DA:7,3
DA:8,3
DA:9,3
DA:10,3
DA:11,3
DA:12,3
DA:13,3
DA:14,3
DA:15,3
DA:16,3
DA:17,3
DA:19,3
DA:20,3
DA:21,3
DA:23,3
DA:25,1
LF:21
LH:21
BRDA:6,0,0,3
BRF:1
BRH:1
end_of_record
TN:
SF:src\pages\SignupPage.tsx
FN:6,SignupPage
FNF:1
FNH:1
FNDA:3,SignupPage
DA:1,1
DA:2,1
DA:3,1
DA:4,1
DA:6,1
DA:7,3
DA:8,3
DA:9,3
DA:10,3
DA:11,3
DA:13,3
DA:14,3
DA:15,3
DA:16,3
DA:17,3
DA:18,3
DA:20,3
DA:21,3
DA:22,3
DA:24,3
DA:26,1
LF:21
LH:21
BRDA:6,0,0,3
BRF:1
BRH:1
end_of_record
TN:
SF:src\theme\index.ts
FNF:0
FNH:0
DA:1,1
DA:3,1
DA:4,1
DA:5,1
DA:6,1
DA:7,1
DA:8,1
DA:9,1
DA:10,1
DA:11,1
DA:12,1
DA:13,1
DA:14,1
DA:15,1
DA:16,1
DA:17,1
DA:18,1
DA:19,1
DA:20,1
DA:21,1
DA:22,1
DA:23,1
DA:24,1
DA:25,1
DA:26,1
DA:27,1
DA:28,1
DA:30,1
LF:28
LH:28
BRF:0
BRH:0
end_of_record
TN:
SF:src\utils\api.ts
FNF:0
FNH:0
DA:1,1
DA:3,1
DA:4,1
DA:5,1
DA:7,1
LF:5
LH:5
BRF:0
BRH:0
end_of_record
TN:
SF:src\utils\constants.ts
FNF:0
FNH:0
DA:1,1
DA:2,1
DA:3,1
DA:4,1
DA:5,1
DA:6,1
DA:7,1
DA:8,1
DA:10,1
DA:11,1
DA:12,1
DA:13,1
DA:14,1
DA:15,1
DA:17,1
DA:18,1
DA:19,1
DA:20,1
DA:21,1
DA:22,1
DA:24,1
DA:25,1
DA:26,1
DA:27,1
DA:28,1
DA:29,1
DA:30,1
LF:27
LH:27
BRF:0
BRH:0
end_of_record
