TN:
SF:src\App.tsx
FN:5,App
FNF:1
FNH:1
FNDA:3,App
DA:1,1
DA:2,1
DA:3,1
DA:5,3
DA:6,3
DA:7,3
DA:8,3
DA:9,3
DA:10,3
DA:12,3
DA:14,1
LF:11
LH:11
BRDA:5,0,0,3
BRF:1
BRH:1
end_of_record
TN:
SF:src\main.tsx
FN:1,(empty-report)
FNF:1
FNH:0
FNDA:0,(empty-report)
DA:1,0
DA:2,0
DA:3,0
DA:4,0
DA:5,0
DA:7,0
DA:8,0
DA:9,0
DA:10,0
DA:11,0
DA:12,0
DA:13,0
DA:14,0
DA:15,0
DA:16,0
DA:17,0
DA:18,0
DA:19,0
DA:20,0
DA:21,0
DA:22,0
DA:23,0
DA:25,0
DA:26,0
DA:27,0
LF:25
LH:0
BRDA:1,0,0,0
BRF:1
BRH:0
end_of_record
TN:
SF:src\components\atoms\Button\LogInButton.stories.tsx
FN:1,(empty-report)
FNF:1
FNH:1
FNDA:1,(empty-report)
DA:2,0
DA:4,0
DA:5,0
DA:6,0
DA:7,0
DA:8,0
DA:12,0
DA:13,0
DA:14,0
DA:15,0
DA:16,0
DA:17,0
DA:18,0
DA:20,0
DA:21,0
DA:22,0
DA:23,0
DA:24,0
DA:25,0
DA:26,0
LF:20
LH:0
BRDA:1,0,0,1
BRF:1
BRH:1
end_of_record
TN:
SF:src\components\atoms\Button\LogInButton.tsx
FN:24,LogInButton
FNF:1
FNH:1
FNDA:45,LogInButton
DA:1,1
DA:2,1
DA:3,1
DA:4,1
DA:13,1
DA:14,45
DA:15,45
DA:16,45
DA:17,45
DA:18,45
DA:19,45
DA:20,45
DA:21,45
DA:22,1
DA:24,1
DA:25,45
DA:26,45
DA:27,45
DA:28,45
DA:29,45
DA:30,45
DA:31,45
DA:33,45
DA:34,45
DA:36,45
DA:38,1
LF:26
LH:26
BRDA:13,0,0,45
BRDA:24,1,0,45
BRF:2
BRH:2
end_of_record
TN:
SF:src\components\atoms\Input\Input.stories.tsx
FN:1,(empty-report)
FNF:1
FNH:1
FNDA:1,(empty-report)
DA:2,0
DA:4,0
DA:5,0
DA:6,0
DA:7,0
DA:8,0
DA:12,0
DA:13,0
DA:14,0
DA:15,0
DA:16,0
DA:17,0
DA:18,0
DA:19,0
DA:20,0
DA:21,0
DA:22,0
DA:23,0
DA:24,0
DA:25,0
DA:26,0
DA:27,0
LF:22
LH:0
BRDA:1,0,0,1
BRF:1
BRH:1
end_of_record
TN:
SF:src\components\atoms\Input\Input.tsx
FN:24,Input
FN:30,onChange
FNF:2
FNH:2
FNDA:103,Input
FNDA:18,onChange
DA:1,1
DA:2,1
DA:3,1
DA:12,1
DA:13,103
DA:14,103
DA:15,103
DA:16,103
DA:17,103
DA:18,103
DA:19,103
DA:20,103
DA:21,103
DA:22,1
DA:24,1
DA:25,103
DA:26,103
DA:27,103
DA:28,103
DA:29,103
DA:30,103
DA:31,103
DA:32,103
DA:34,103
DA:36,1
LF:25
LH:25
BRDA:12,0,0,103
BRDA:24,1,0,103
BRDA:30,2,0,18
BRF:3
BRH:3
end_of_record
TN:
SF:src\components\atoms\Logo\Logo.tsx
FN:10,Logo
FNF:1
FNH:1
FNDA:5,Logo
DA:1,1
DA:2,1
DA:3,1
DA:5,1
DA:6,5
DA:7,5
DA:8,1
DA:10,1
DA:11,5
DA:12,5
DA:13,5
DA:14,5
DA:16,5
DA:17,5
DA:19,5
DA:21,1
LF:16
LH:16
BRDA:5,0,0,5
BRDA:10,1,0,5
BRF:2
BRH:2
end_of_record
TN:
SF:src\components\molecules\DividerWithText\DividerWithText.stories.tsx
FN:1,(empty-report)
FNF:1
FNH:1
FNDA:1,(empty-report)
DA:2,0
DA:4,0
DA:5,0
DA:6,0
DA:7,0
DA:9,0
DA:13,0
DA:14,0
DA:15,0
DA:16,0
DA:17,0
DA:19,0
DA:20,0
DA:21,0
DA:22,0
DA:23,0
LF:16
LH:0
BRDA:1,0,0,1
BRF:1
BRH:1
end_of_record
TN:
SF:src\components\molecules\DividerWithText\DividerWithText.tsx
FN:12,DividerWithText
FNF:1
FNH:1
FNDA:42,DividerWithText
DA:1,1
DA:7,1
DA:8,84
DA:9,84
DA:10,1
DA:12,1
DA:13,42
DA:14,42
DA:15,42
DA:16,42
DA:17,42
DA:18,42
DA:19,42
DA:20,42
DA:21,42
DA:23,42
DA:24,42
DA:25,42
DA:26,42
DA:28,42
DA:30,1
LF:21
LH:21
BRDA:7,0,0,84
BRDA:12,1,0,42
BRF:2
BRH:2
end_of_record
TN:
SF:src\components\molecules\SocialLoginButton\SocialLoginButton.stories.tsx
FN:1,(empty-report)
FNF:1
FNH:1
FNDA:1,(empty-report)
DA:2,0
DA:3,0
DA:4,0
DA:5,0
DA:7,0
DA:8,0
DA:9,0
DA:10,0
DA:11,0
DA:13,0
DA:17,0
DA:18,0
DA:19,0
DA:20,0
DA:21,0
DA:22,0
DA:23,0
DA:25,0
DA:26,0
DA:27,0
DA:28,0
DA:29,0
DA:30,0
DA:31,0
DA:33,0
DA:34,0
DA:35,0
DA:36,0
DA:37,0
DA:38,0
DA:39,0
LF:31
LH:0
BRDA:1,0,0,1
BRF:1
BRH:1
end_of_record
TN:
SF:src\components\molecules\SocialLoginButton\SocialLoginButton.tsx
FN:18,SocialLoginButton
FNF:1
FNH:1
FNDA:120,SocialLoginButton
DA:1,1
DA:9,1
DA:10,120
DA:11,120
DA:12,120
DA:13,120
DA:14,120
DA:15,120
DA:16,1
DA:18,1
DA:19,120
DA:20,120
DA:21,120
DA:22,120
DA:24,120
DA:25,120
DA:26,120
DA:27,120
DA:28,120
DA:30,120
DA:32,1
LF:21
LH:21
BRDA:9,0,0,120
BRDA:18,1,0,120
BRF:2
BRH:2
end_of_record
TN:
SF:src\components\organisms\LeftHero.tsx
FN:9,LeftHero
FNF:1
FNH:1
FNDA:5,LeftHero
DA:1,1
DA:2,1
DA:3,1
DA:9,1
DA:10,5
DA:11,5
DA:12,5
DA:13,5
DA:14,5
DA:15,5
DA:17,5
DA:18,5
DA:19,5
DA:20,5
DA:21,5
DA:23,5
DA:25,1
LF:17
LH:17
BRDA:9,0,0,5
BRF:1
BRH:1
end_of_record
TN:
SF:src\components\organisms\LoginForm.tsx
FN:14,LoginForm
FN:19,handleLogin
FN:80,onClick
FN:85,onClick
FN:90,onClick
FNF:5
FNH:2
FNDA:21,LoginForm
FNDA:3,handleLogin
FNDA:0,onClick
FNDA:0,onClick
FNDA:0,onClick
DA:1,1
DA:2,1
DA:3,1
DA:4,1
DA:5,1
DA:6,1
DA:7,1
DA:8,1
DA:9,1
DA:10,1
DA:11,1
DA:12,1
DA:14,1
DA:15,21
DA:16,21
DA:17,21
DA:19,21
DA:20,3
DA:21,3
DA:24,3
DA:26,3
DA:27,1
DA:28,1
DA:29,1
DA:30,1
DA:31,3
DA:32,1
DA:33,1
DA:34,1
DA:35,3
DA:37,21
DA:38,21
DA:39,21
DA:40,21
DA:41,21
DA:42,21
DA:43,21
DA:44,21
DA:45,21
DA:46,21
DA:48,21
DA:49,21
DA:50,21
DA:51,21
DA:52,21
DA:53,21
DA:54,21
DA:55,21
DA:56,21
DA:57,21
DA:58,21
DA:59,21
DA:61,21
DA:63,21
DA:64,21
DA:65,21
DA:67,21
DA:68,21
DA:69,21
DA:70,21
DA:71,21
DA:72,21
DA:74,21
DA:76,21
DA:77,21
DA:78,21
DA:79,21
DA:80,21
DA:81,21
DA:82,21
DA:83,21
DA:84,21
DA:85,21
DA:86,21
DA:87,21
DA:88,21
DA:89,21
DA:90,21
DA:91,21
DA:92,21
DA:94,21
DA:95,21
DA:96,21
DA:97,21
DA:98,21
DA:99,21
DA:100,21
DA:102,21
DA:104,1
LF:89
LH:89
BRDA:14,0,0,21
BRDA:61,1,0,4
BRDA:71,2,0,12
BRDA:19,3,0,3
BRDA:24,4,0,2
BRDA:26,5,0,1
BRDA:31,6,0,1
BRF:7
BRH:7
end_of_record
TN:
SF:src\components\organisms\SignupForm.tsx
FN:14,SignupForm
FN:21,handleSignUp
FN:80,onClick
FN:85,onClick
FN:90,onClick
FNF:5
FNH:2
FNDA:23,SignupForm
FNDA:3,handleSignUp
FNDA:0,onClick
FNDA:0,onClick
FNDA:0,onClick
DA:1,1
DA:2,1
DA:3,1
DA:4,1
DA:5,1
DA:6,1
DA:7,1
DA:8,1
DA:9,1
DA:10,1
DA:11,1
DA:12,1
DA:14,1
DA:15,23
DA:16,23
DA:17,23
DA:18,23
DA:19,23
DA:21,23
DA:22,3
DA:23,3
DA:26,3
DA:28,3
DA:29,1
DA:30,1
DA:31,1
DA:34,1
DA:36,1
DA:37,1
DA:38,1
DA:39,1
DA:40,1
DA:41,1
DA:42,3
DA:44,23
DA:45,23
DA:46,23
DA:47,23
DA:48,23
DA:49,23
DA:50,23
DA:52,23
DA:53,23
DA:54,23
DA:55,23
DA:56,23
DA:57,23
DA:58,23
DA:59,23
DA:60,23
DA:61,23
DA:62,23
DA:63,23
DA:64,23
DA:65,23
DA:67,23
DA:68,23
DA:69,23
DA:70,23
DA:71,23
DA:72,23
DA:74,23
DA:76,23
DA:77,23
DA:78,23
DA:79,23
DA:80,23
DA:81,23
DA:82,23
DA:83,23
DA:84,23
DA:85,23
DA:86,23
DA:87,23
DA:88,23
DA:89,23
DA:90,23
DA:91,23
DA:92,23
DA:94,23
DA:95,23
DA:96,23
DA:97,23
DA:98,23
DA:99,23
DA:100,23
DA:102,23
DA:104,1
LF:88
LH:88
BRDA:14,0,0,23
BRDA:65,1,0,4
BRDA:71,2,0,15
BRDA:71,3,0,12
BRDA:21,4,0,3
BRDA:26,5,0,2
BRDA:28,6,0,1
BRF:7
BRH:7
end_of_record
TN:
SF:src\pages\LoginPage.tsx
FN:6,LoginPage
FNF:1
FNH:1
FNDA:4,LoginPage
DA:1,1
DA:2,1
DA:3,1
DA:4,1
DA:6,1
DA:7,4
DA:8,4
DA:9,4
DA:10,4
DA:11,4
DA:12,4
DA:13,4
DA:14,4
DA:15,4
DA:16,4
DA:17,4
DA:19,4
DA:20,4
DA:21,4
DA:23,4
DA:25,1
LF:21
LH:21
BRDA:6,0,0,4
BRF:1
BRH:1
end_of_record
TN:
SF:src\pages\SignupPage.tsx
FN:6,SignupPage
FNF:1
FNH:1
FNDA:4,SignupPage
DA:1,1
DA:2,1
DA:3,1
DA:4,1
DA:6,1
DA:7,4
DA:8,4
DA:9,4
DA:10,4
DA:11,4
DA:13,4
DA:14,4
DA:15,4
DA:16,4
DA:17,4
DA:18,4
DA:20,4
DA:21,4
DA:22,4
DA:24,4
DA:26,1
LF:21
LH:21
BRDA:6,0,0,4
BRF:1
BRH:1
end_of_record
TN:
SF:src\theme\index.ts
FNF:0
FNH:0
DA:1,1
DA:3,1
DA:4,1
DA:5,1
DA:6,1
DA:7,1
DA:8,1
DA:9,1
DA:10,1
DA:11,1
DA:12,1
DA:13,1
DA:14,1
DA:15,1
DA:16,1
DA:17,1
DA:18,1
DA:19,1
DA:20,1
DA:21,1
DA:22,1
DA:23,1
DA:24,1
DA:25,1
DA:26,1
DA:27,1
DA:28,1
DA:30,1
LF:28
LH:28
BRF:0
BRH:0
end_of_record
TN:
SF:src\utils\api.ts
FNF:0
FNH:0
DA:1,1
DA:3,1
DA:4,1
DA:5,1
DA:7,1
LF:5
LH:5
BRF:0
BRH:0
end_of_record
TN:
SF:src\utils\constants.ts
FNF:0
FNH:0
DA:1,1
DA:2,1
DA:3,1
DA:4,1
DA:5,1
DA:6,1
DA:7,1
DA:8,1
DA:10,1
DA:11,1
DA:12,1
DA:13,1
DA:14,1
DA:15,1
DA:17,1
DA:18,1
DA:19,1
DA:20,1
DA:21,1
DA:22,1
DA:24,1
DA:25,1
DA:26,1
DA:27,1
DA:28,1
DA:29,1
DA:30,1
LF:27
LH:27
BRF:0
BRH:0
end_of_record
